[2025-12-29 22:24:10]	[info] incremental build: 283 source files changed
These source files will be recompiled
---
'd:\develop\Demo\watch_lvgl and freertos_back\software\Watch_Lvgl_Freertos\BSP\AHT21_TemperatureHumidity\AHT21.c': object (.o) file not exist
'd:\develop\Demo\watch_lvgl and freertos_back\software\Watch_Lvgl_Freertos\BSP\Control\Control.c': object (.o) file not exist
'd:\develop\Demo\watch_lvgl and freertos_back\software\Watch_Lvgl_Freertos\BSP\IIC\IIC.c': object (.o) file not exist
'd:\develop\Demo\watch_lvgl and freertos_back\software\Watch_Lvgl_Freertos\BSP\KEY\key.c': object (.o) file not exist
'd:\develop\Demo\watch_lvgl and freertos_back\software\Watch_Lvgl_Freertos\BSP\LCD_Screen\init.c': object (.o) file not exist
'd:\develop\Demo\watch_lvgl and freertos_back\software\Watch_Lvgl_Freertos\BSP\LCD_Screen\lcd.c': object (.o) file not exist
'd:\develop\Demo\watch_lvgl and freertos_back\software\Watch_Lvgl_Freertos\BSP\LSM303DLH_Compass\LSM303.c': object (.o) file not exist
'd:\develop\Demo\watch_lvgl and freertos_back\software\Watch_Lvgl_Freertos\BSP\MAX30102_HeartRate\HR_Algorithm.c': object (.o) file not exist
'd:\develop\Demo\watch_lvgl and freertos_back\software\Watch_Lvgl_Freertos\BSP\MAX30102_HeartRate\HR_Heart_SpO2.c': object (.o) file not exist
'd:\develop\Demo\watch_lvgl and freertos_back\software\Watch_Lvgl_Freertos\BSP\MAX30102_HeartRate\HR_MAX30102.c': object (.o) file not exist
'd:\develop\Demo\watch_lvgl and freertos_back\software\Watch_Lvgl_Freertos\BSP\MPU6050\MPU6050.c': object (.o) file not exist
'd:\develop\Demo\watch_lvgl and freertos_back\software\Watch_Lvgl_Freertos\BSP\MPU6050\eMPL\inv_mpu.c': object (.o) file not exist
'd:\develop\Demo\watch_lvgl and freertos_back\software\Watch_Lvgl_Freertos\BSP\MPU6050\eMPL\inv_mpu_dmp_motion_driver.c': object (.o) file not exist
'd:\develop\Demo\watch_lvgl and freertos_back\software\Watch_Lvgl_Freertos\BSP\SPL06001_AirPressure\SPL06.c': object (.o) file not exist
'd:\develop\Demo\watch_lvgl and freertos_back\software\Watch_Lvgl_Freertos\BSP\TOUCH\touch.c': object (.o) file not exist
'd:\develop\Demo\watch_lvgl and freertos_back\software\Watch_Lvgl_Freertos\BSP\WDOG\WDOG.c': object (.o) file not exist
'd:\develop\Demo\watch_lvgl and freertos_back\software\Watch_Lvgl_Freertos\Core\Src\dma.c': object (.o) file not exist
'd:\develop\Demo\watch_lvgl and freertos_back\software\Watch_Lvgl_Freertos\Core\Src\freertos.c': object (.o) file not exist
'd:\develop\Demo\watch_lvgl and freertos_back\software\Watch_Lvgl_Freertos\Core\Src\gpio.c': object (.o) file not exist
'd:\develop\Demo\watch_lvgl and freertos_back\software\Watch_Lvgl_Freertos\Core\Src\main.c': object (.o) file not exist
'd:\develop\Demo\watch_lvgl and freertos_back\software\Watch_Lvgl_Freertos\Core\Src\rtc.c': object (.o) file not exist
'd:\develop\Demo\watch_lvgl and freertos_back\software\Watch_Lvgl_Freertos\Core\Src\spi.c': object (.o) file not exist
'd:\develop\Demo\watch_lvgl and freertos_back\software\Watch_Lvgl_Freertos\Core\Src\stm32f4xx_hal_msp.c': object (.o) file not exist
'd:\develop\Demo\watch_lvgl and freertos_back\software\Watch_Lvgl_Freertos\Core\Src\stm32f4xx_hal_timebase_tim.c': object (.o) file not exist
'd:\develop\Demo\watch_lvgl and freertos_back\software\Watch_Lvgl_Freertos\Core\Src\stm32f4xx_it.c': object (.o) file not exist
'd:\develop\Demo\watch_lvgl and freertos_back\software\Watch_Lvgl_Freertos\Core\Src\system_stm32f4xx.c': object (.o) file not exist
'd:\develop\Demo\watch_lvgl and freertos_back\software\Watch_Lvgl_Freertos\Core\Src\tim.c': object (.o) file not exist
'd:\develop\Demo\watch_lvgl and freertos_back\software\Watch_Lvgl_Freertos\Core\Src\usart.c': object (.o) file not exist
'd:\develop\Demo\watch_lvgl and freertos_back\software\Watch_Lvgl_Freertos\Drivers\STM32F4xx_HAL_Driver\Src\stm32f4xx_hal.c': object (.o) file not exist
'd:\develop\Demo\watch_lvgl and freertos_back\software\Watch_Lvgl_Freertos\Drivers\STM32F4xx_HAL_Driver\Src\stm32f4xx_hal_cortex.c': object (.o) file not exist
'd:\develop\Demo\watch_lvgl and freertos_back\software\Watch_Lvgl_Freertos\Drivers\STM32F4xx_HAL_Driver\Src\stm32f4xx_hal_dma.c': object (.o) file not exist
'd:\develop\Demo\watch_lvgl and freertos_back\software\Watch_Lvgl_Freertos\Drivers\STM32F4xx_HAL_Driver\Src\stm32f4xx_hal_dma_ex.c': object (.o) file not exist
'd:\develop\Demo\watch_lvgl and freertos_back\software\Watch_Lvgl_Freertos\Drivers\STM32F4xx_HAL_Driver\Src\stm32f4xx_hal_exti.c': object (.o) file not exist
'd:\develop\Demo\watch_lvgl and freertos_back\software\Watch_Lvgl_Freertos\Drivers\STM32F4xx_HAL_Driver\Src\stm32f4xx_hal_flash.c': object (.o) file not exist
'd:\develop\Demo\watch_lvgl and freertos_back\software\Watch_Lvgl_Freertos\Drivers\STM32F4xx_HAL_Driver\Src\stm32f4xx_hal_flash_ex.c': object (.o) file not exist
'd:\develop\Demo\watch_lvgl and freertos_back\software\Watch_Lvgl_Freertos\Drivers\STM32F4xx_HAL_Driver\Src\stm32f4xx_hal_flash_ramfunc.c': object (.o) file not exist
'd:\develop\Demo\watch_lvgl and freertos_back\software\Watch_Lvgl_Freertos\Drivers\STM32F4xx_HAL_Driver\Src\stm32f4xx_hal_gpio.c': object (.o) file not exist
'd:\develop\Demo\watch_lvgl and freertos_back\software\Watch_Lvgl_Freertos\Drivers\STM32F4xx_HAL_Driver\Src\stm32f4xx_hal_pwr.c': object (.o) file not exist
'd:\develop\Demo\watch_lvgl and freertos_back\software\Watch_Lvgl_Freertos\Drivers\STM32F4xx_HAL_Driver\Src\stm32f4xx_hal_pwr_ex.c': object (.o) file not exist
'd:\develop\Demo\watch_lvgl and freertos_back\software\Watch_Lvgl_Freertos\Drivers\STM32F4xx_HAL_Driver\Src\stm32f4xx_hal_rcc.c': object (.o) file not exist
'd:\develop\Demo\watch_lvgl and freertos_back\software\Watch_Lvgl_Freertos\Drivers\STM32F4xx_HAL_Driver\Src\stm32f4xx_hal_rcc_ex.c': object (.o) file not exist
'd:\develop\Demo\watch_lvgl and freertos_back\software\Watch_Lvgl_Freertos\Drivers\STM32F4xx_HAL_Driver\Src\stm32f4xx_hal_rtc.c': object (.o) file not exist
'd:\develop\Demo\watch_lvgl and freertos_back\software\Watch_Lvgl_Freertos\Drivers\STM32F4xx_HAL_Driver\Src\stm32f4xx_hal_rtc_ex.c': object (.o) file not exist
'd:\develop\Demo\watch_lvgl and freertos_back\software\Watch_Lvgl_Freertos\Drivers\STM32F4xx_HAL_Driver\Src\stm32f4xx_hal_spi.c': object (.o) file not exist
'd:\develop\Demo\watch_lvgl and freertos_back\software\Watch_Lvgl_Freertos\Drivers\STM32F4xx_HAL_Driver\Src\stm32f4xx_hal_tim.c': object (.o) file not exist
'd:\develop\Demo\watch_lvgl and freertos_back\software\Watch_Lvgl_Freertos\Drivers\STM32F4xx_HAL_Driver\Src\stm32f4xx_hal_tim_ex.c': object (.o) file not exist
'd:\develop\Demo\watch_lvgl and freertos_back\software\Watch_Lvgl_Freertos\Drivers\STM32F4xx_HAL_Driver\Src\stm32f4xx_hal_uart.c': object (.o) file not exist
'd:\develop\Demo\watch_lvgl and freertos_back\software\Watch_Lvgl_Freertos\Middlewares\LVGL\GUI\lvgl\src\core\lv_disp.c': object (.o) file not exist
'd:\develop\Demo\watch_lvgl and freertos_back\software\Watch_Lvgl_Freertos\Middlewares\LVGL\GUI\lvgl\src\core\lv_event.c': object (.o) file not exist
'd:\develop\Demo\watch_lvgl and freertos_back\software\Watch_Lvgl_Freertos\Middlewares\LVGL\GUI\lvgl\src\core\lv_group.c': object (.o) file not exist
'd:\develop\Demo\watch_lvgl and freertos_back\software\Watch_Lvgl_Freertos\Middlewares\LVGL\GUI\lvgl\src\core\lv_indev.c': object (.o) file not exist
'd:\develop\Demo\watch_lvgl and freertos_back\software\Watch_Lvgl_Freertos\Middlewares\LVGL\GUI\lvgl\src\core\lv_indev_scroll.c': object (.o) file not exist
'd:\develop\Demo\watch_lvgl and freertos_back\software\Watch_Lvgl_Freertos\Middlewares\LVGL\GUI\lvgl\src\core\lv_obj.c': object (.o) file not exist
'd:\develop\Demo\watch_lvgl and freertos_back\software\Watch_Lvgl_Freertos\Middlewares\LVGL\GUI\lvgl\src\core\lv_obj_class.c': object (.o) file not exist
'd:\develop\Demo\watch_lvgl and freertos_back\software\Watch_Lvgl_Freertos\Middlewares\LVGL\GUI\lvgl\src\core\lv_obj_draw.c': object (.o) file not exist
'd:\develop\Demo\watch_lvgl and freertos_back\software\Watch_Lvgl_Freertos\Middlewares\LVGL\GUI\lvgl\src\core\lv_obj_pos.c': object (.o) file not exist
'd:\develop\Demo\watch_lvgl and freertos_back\software\Watch_Lvgl_Freertos\Middlewares\LVGL\GUI\lvgl\src\core\lv_obj_scroll.c': object (.o) file not exist
'd:\develop\Demo\watch_lvgl and freertos_back\software\Watch_Lvgl_Freertos\Middlewares\LVGL\GUI\lvgl\src\core\lv_obj_style.c': object (.o) file not exist
'd:\develop\Demo\watch_lvgl and freertos_back\software\Watch_Lvgl_Freertos\Middlewares\LVGL\GUI\lvgl\src\core\lv_obj_style_gen.c': object (.o) file not exist
'd:\develop\Demo\watch_lvgl and freertos_back\software\Watch_Lvgl_Freertos\Middlewares\LVGL\GUI\lvgl\src\core\lv_obj_tree.c': object (.o) file not exist
'd:\develop\Demo\watch_lvgl and freertos_back\software\Watch_Lvgl_Freertos\Middlewares\LVGL\GUI\lvgl\src\core\lv_refr.c': object (.o) file not exist
'd:\develop\Demo\watch_lvgl and freertos_back\software\Watch_Lvgl_Freertos\Middlewares\LVGL\GUI\lvgl\src\core\lv_theme.c': object (.o) file not exist
'd:\develop\Demo\watch_lvgl and freertos_back\software\Watch_Lvgl_Freertos\Middlewares\LVGL\GUI\lvgl\src\draw\lv_draw.c': object (.o) file not exist
'd:\develop\Demo\watch_lvgl and freertos_back\software\Watch_Lvgl_Freertos\Middlewares\LVGL\GUI\lvgl\src\draw\lv_draw_arc.c': object (.o) file not exist
'd:\develop\Demo\watch_lvgl and freertos_back\software\Watch_Lvgl_Freertos\Middlewares\LVGL\GUI\lvgl\src\draw\lv_draw_img.c': object (.o) file not exist
'd:\develop\Demo\watch_lvgl and freertos_back\software\Watch_Lvgl_Freertos\Middlewares\LVGL\GUI\lvgl\src\draw\lv_draw_label.c': object (.o) file not exist
'd:\develop\Demo\watch_lvgl and freertos_back\software\Watch_Lvgl_Freertos\Middlewares\LVGL\GUI\lvgl\src\draw\lv_draw_line.c': object (.o) file not exist
'd:\develop\Demo\watch_lvgl and freertos_back\software\Watch_Lvgl_Freertos\Middlewares\LVGL\GUI\lvgl\src\draw\lv_draw_mask.c': object (.o) file not exist
'd:\develop\Demo\watch_lvgl and freertos_back\software\Watch_Lvgl_Freertos\Middlewares\LVGL\GUI\lvgl\src\draw\lv_draw_rect.c': object (.o) file not exist
'd:\develop\Demo\watch_lvgl and freertos_back\software\Watch_Lvgl_Freertos\Middlewares\LVGL\GUI\lvgl\src\draw\lv_draw_triangle.c': object (.o) file not exist
'd:\develop\Demo\watch_lvgl and freertos_back\software\Watch_Lvgl_Freertos\Middlewares\LVGL\GUI\lvgl\src\draw\lv_img_buf.c': object (.o) file not exist
'd:\develop\Demo\watch_lvgl and freertos_back\software\Watch_Lvgl_Freertos\Middlewares\LVGL\GUI\lvgl\src\draw\lv_img_cache.c': object (.o) file not exist
'd:\develop\Demo\watch_lvgl and freertos_back\software\Watch_Lvgl_Freertos\Middlewares\LVGL\GUI\lvgl\src\draw\lv_img_decoder.c': object (.o) file not exist
'd:\develop\Demo\watch_lvgl and freertos_back\software\Watch_Lvgl_Freertos\Middlewares\LVGL\GUI\lvgl\src\draw\nxp_pxp\lv_gpu_nxp_pxp.c': object (.o) file not exist
'd:\develop\Demo\watch_lvgl and freertos_back\software\Watch_Lvgl_Freertos\Middlewares\LVGL\GUI\lvgl\src\draw\nxp_pxp\lv_gpu_nxp_pxp_osa.c': object (.o) file not exist
'd:\develop\Demo\watch_lvgl and freertos_back\software\Watch_Lvgl_Freertos\Middlewares\LVGL\GUI\lvgl\src\draw\nxp_vglite\lv_gpu_nxp_vglite.c': object (.o) file not exist
'd:\develop\Demo\watch_lvgl and freertos_back\software\Watch_Lvgl_Freertos\Middlewares\LVGL\GUI\lvgl\src\draw\sdl\lv_draw_sdl.c': object (.o) file not exist
'd:\develop\Demo\watch_lvgl and freertos_back\software\Watch_Lvgl_Freertos\Middlewares\LVGL\GUI\lvgl\src\draw\sdl\lv_draw_sdl_arc.c': object (.o) file not exist
'd:\develop\Demo\watch_lvgl and freertos_back\software\Watch_Lvgl_Freertos\Middlewares\LVGL\GUI\lvgl\src\draw\sdl\lv_draw_sdl_bg.c': object (.o) file not exist
'd:\develop\Demo\watch_lvgl and freertos_back\software\Watch_Lvgl_Freertos\Middlewares\LVGL\GUI\lvgl\src\draw\sdl\lv_draw_sdl_composite.c': object (.o) file not exist
'd:\develop\Demo\watch_lvgl and freertos_back\software\Watch_Lvgl_Freertos\Middlewares\LVGL\GUI\lvgl\src\draw\sdl\lv_draw_sdl_img.c': object (.o) file not exist
'd:\develop\Demo\watch_lvgl and freertos_back\software\Watch_Lvgl_Freertos\Middlewares\LVGL\GUI\lvgl\src\draw\sdl\lv_draw_sdl_label.c': object (.o) file not exist
'd:\develop\Demo\watch_lvgl and freertos_back\software\Watch_Lvgl_Freertos\Middlewares\LVGL\GUI\lvgl\src\draw\sdl\lv_draw_sdl_line.c': object (.o) file not exist
'd:\develop\Demo\watch_lvgl and freertos_back\software\Watch_Lvgl_Freertos\Middlewares\LVGL\GUI\lvgl\src\draw\sdl\lv_draw_sdl_mask.c': object (.o) file not exist
'd:\develop\Demo\watch_lvgl and freertos_back\software\Watch_Lvgl_Freertos\Middlewares\LVGL\GUI\lvgl\src\draw\sdl\lv_draw_sdl_polygon.c': object (.o) file not exist
'd:\develop\Demo\watch_lvgl and freertos_back\software\Watch_Lvgl_Freertos\Middlewares\LVGL\GUI\lvgl\src\draw\sdl\lv_draw_sdl_rect.c': object (.o) file not exist
'd:\develop\Demo\watch_lvgl and freertos_back\software\Watch_Lvgl_Freertos\Middlewares\LVGL\GUI\lvgl\src\draw\sdl\lv_draw_sdl_stack_blur.c': object (.o) file not exist
'd:\develop\Demo\watch_lvgl and freertos_back\software\Watch_Lvgl_Freertos\Middlewares\LVGL\GUI\lvgl\src\draw\sdl\lv_draw_sdl_texture_cache.c': object (.o) file not exist
'd:\develop\Demo\watch_lvgl and freertos_back\software\Watch_Lvgl_Freertos\Middlewares\LVGL\GUI\lvgl\src\draw\sdl\lv_draw_sdl_utils.c': object (.o) file not exist
'd:\develop\Demo\watch_lvgl and freertos_back\software\Watch_Lvgl_Freertos\Middlewares\LVGL\GUI\lvgl\src\draw\stm32_dma2d\lv_gpu_stm32_dma2d.c': object (.o) file not exist
'd:\develop\Demo\watch_lvgl and freertos_back\software\Watch_Lvgl_Freertos\Middlewares\LVGL\GUI\lvgl\src\draw\sw\lv_draw_sw.c': object (.o) file not exist
'd:\develop\Demo\watch_lvgl and freertos_back\software\Watch_Lvgl_Freertos\Middlewares\LVGL\GUI\lvgl\src\draw\sw\lv_draw_sw_arc.c': object (.o) file not exist
'd:\develop\Demo\watch_lvgl and freertos_back\software\Watch_Lvgl_Freertos\Middlewares\LVGL\GUI\lvgl\src\draw\sw\lv_draw_sw_blend.c': object (.o) file not exist
'd:\develop\Demo\watch_lvgl and freertos_back\software\Watch_Lvgl_Freertos\Middlewares\LVGL\GUI\lvgl\src\draw\sw\lv_draw_sw_dither.c': object (.o) file not exist
'd:\develop\Demo\watch_lvgl and freertos_back\software\Watch_Lvgl_Freertos\Middlewares\LVGL\GUI\lvgl\src\draw\sw\lv_draw_sw_gradient.c': object (.o) file not exist
'd:\develop\Demo\watch_lvgl and freertos_back\software\Watch_Lvgl_Freertos\Middlewares\LVGL\GUI\lvgl\src\draw\sw\lv_draw_sw_img.c': object (.o) file not exist
'd:\develop\Demo\watch_lvgl and freertos_back\software\Watch_Lvgl_Freertos\Middlewares\LVGL\GUI\lvgl\src\draw\sw\lv_draw_sw_letter.c': object (.o) file not exist
'd:\develop\Demo\watch_lvgl and freertos_back\software\Watch_Lvgl_Freertos\Middlewares\LVGL\GUI\lvgl\src\draw\sw\lv_draw_sw_line.c': object (.o) file not exist
'd:\develop\Demo\watch_lvgl and freertos_back\software\Watch_Lvgl_Freertos\Middlewares\LVGL\GUI\lvgl\src\draw\sw\lv_draw_sw_polygon.c': object (.o) file not exist
'd:\develop\Demo\watch_lvgl and freertos_back\software\Watch_Lvgl_Freertos\Middlewares\LVGL\GUI\lvgl\src\draw\sw\lv_draw_sw_rect.c': object (.o) file not exist
'd:\develop\Demo\watch_lvgl and freertos_back\software\Watch_Lvgl_Freertos\Middlewares\LVGL\GUI\lvgl\src\extra\layouts\flex\lv_flex.c': object (.o) file not exist
'd:\develop\Demo\watch_lvgl and freertos_back\software\Watch_Lvgl_Freertos\Middlewares\LVGL\GUI\lvgl\src\extra\layouts\grid\lv_grid.c': object (.o) file not exist
'd:\develop\Demo\watch_lvgl and freertos_back\software\Watch_Lvgl_Freertos\Middlewares\LVGL\GUI\lvgl\src\extra\libs\bmp\lv_bmp.c': object (.o) file not exist
'd:\develop\Demo\watch_lvgl and freertos_back\software\Watch_Lvgl_Freertos\Middlewares\LVGL\GUI\lvgl\src\extra\libs\ffmpeg\lv_ffmpeg.c': object (.o) file not exist
'd:\develop\Demo\watch_lvgl and freertos_back\software\Watch_Lvgl_Freertos\Middlewares\LVGL\GUI\lvgl\src\extra\libs\freetype\lv_freetype.c': object (.o) file not exist
'd:\develop\Demo\watch_lvgl and freertos_back\software\Watch_Lvgl_Freertos\Middlewares\LVGL\GUI\lvgl\src\extra\libs\fsdrv\lv_fs_fatfs.c': object (.o) file not exist
'd:\develop\Demo\watch_lvgl and freertos_back\software\Watch_Lvgl_Freertos\Middlewares\LVGL\GUI\lvgl\src\extra\libs\fsdrv\lv_fs_posix.c': object (.o) file not exist
'd:\develop\Demo\watch_lvgl and freertos_back\software\Watch_Lvgl_Freertos\Middlewares\LVGL\GUI\lvgl\src\extra\libs\fsdrv\lv_fs_stdio.c': object (.o) file not exist
'd:\develop\Demo\watch_lvgl and freertos_back\software\Watch_Lvgl_Freertos\Middlewares\LVGL\GUI\lvgl\src\extra\libs\fsdrv\lv_fs_win32.c': object (.o) file not exist
'd:\develop\Demo\watch_lvgl and freertos_back\software\Watch_Lvgl_Freertos\Middlewares\LVGL\GUI\lvgl\src\extra\libs\gif\gifdec.c': object (.o) file not exist
'd:\develop\Demo\watch_lvgl and freertos_back\software\Watch_Lvgl_Freertos\Middlewares\LVGL\GUI\lvgl\src\extra\libs\gif\lv_gif.c': object (.o) file not exist
'd:\develop\Demo\watch_lvgl and freertos_back\software\Watch_Lvgl_Freertos\Middlewares\LVGL\GUI\lvgl\src\extra\libs\png\lodepng.c': object (.o) file not exist
'd:\develop\Demo\watch_lvgl and freertos_back\software\Watch_Lvgl_Freertos\Middlewares\LVGL\GUI\lvgl\src\extra\libs\png\lv_png.c': object (.o) file not exist
'd:\develop\Demo\watch_lvgl and freertos_back\software\Watch_Lvgl_Freertos\Middlewares\LVGL\GUI\lvgl\src\extra\libs\qrcode\lv_qrcode.c': object (.o) file not exist
'd:\develop\Demo\watch_lvgl and freertos_back\software\Watch_Lvgl_Freertos\Middlewares\LVGL\GUI\lvgl\src\extra\libs\qrcode\qrcodegen.c': object (.o) file not exist
'd:\develop\Demo\watch_lvgl and freertos_back\software\Watch_Lvgl_Freertos\Middlewares\LVGL\GUI\lvgl\src\extra\libs\rlottie\lv_rlottie.c': object (.o) file not exist
'd:\develop\Demo\watch_lvgl and freertos_back\software\Watch_Lvgl_Freertos\Middlewares\LVGL\GUI\lvgl\src\extra\libs\sjpg\lv_sjpg.c': object (.o) file not exist
'd:\develop\Demo\watch_lvgl and freertos_back\software\Watch_Lvgl_Freertos\Middlewares\LVGL\GUI\lvgl\src\extra\libs\sjpg\tjpgd.c': object (.o) file not exist
'd:\develop\Demo\watch_lvgl and freertos_back\software\Watch_Lvgl_Freertos\Middlewares\LVGL\GUI\lvgl\src\extra\lv_extra.c': object (.o) file not exist
'd:\develop\Demo\watch_lvgl and freertos_back\software\Watch_Lvgl_Freertos\Middlewares\LVGL\GUI\lvgl\src\extra\others\gridnav\lv_gridnav.c': object (.o) file not exist
'd:\develop\Demo\watch_lvgl and freertos_back\software\Watch_Lvgl_Freertos\Middlewares\LVGL\GUI\lvgl\src\extra\others\monkey\lv_monkey.c': object (.o) file not exist
'd:\develop\Demo\watch_lvgl and freertos_back\software\Watch_Lvgl_Freertos\Middlewares\LVGL\GUI\lvgl\src\extra\others\snapshot\lv_snapshot.c': object (.o) file not exist
'd:\develop\Demo\watch_lvgl and freertos_back\software\Watch_Lvgl_Freertos\Middlewares\LVGL\GUI\lvgl\src\extra\themes\basic\lv_theme_basic.c': object (.o) file not exist
'd:\develop\Demo\watch_lvgl and freertos_back\software\Watch_Lvgl_Freertos\Middlewares\LVGL\GUI\lvgl\src\extra\themes\default\lv_theme_default.c': object (.o) file not exist
'd:\develop\Demo\watch_lvgl and freertos_back\software\Watch_Lvgl_Freertos\Middlewares\LVGL\GUI\lvgl\src\extra\themes\mono\lv_theme_mono.c': object (.o) file not exist
'd:\develop\Demo\watch_lvgl and freertos_back\software\Watch_Lvgl_Freertos\Middlewares\LVGL\GUI\lvgl\src\extra\widgets\animimg\lv_animimg.c': object (.o) file not exist
'd:\develop\Demo\watch_lvgl and freertos_back\software\Watch_Lvgl_Freertos\Middlewares\LVGL\GUI\lvgl\src\extra\widgets\calendar\lv_calendar.c': object (.o) file not exist
'd:\develop\Demo\watch_lvgl and freertos_back\software\Watch_Lvgl_Freertos\Middlewares\LVGL\GUI\lvgl\src\extra\widgets\calendar\lv_calendar_header_arrow.c': object (.o) file not exist
'd:\develop\Demo\watch_lvgl and freertos_back\software\Watch_Lvgl_Freertos\Middlewares\LVGL\GUI\lvgl\src\extra\widgets\calendar\lv_calendar_header_dropdown.c': object (.o) file not exist
'd:\develop\Demo\watch_lvgl and freertos_back\software\Watch_Lvgl_Freertos\Middlewares\LVGL\GUI\lvgl\src\extra\widgets\chart\lv_chart.c': object (.o) file not exist
'd:\develop\Demo\watch_lvgl and freertos_back\software\Watch_Lvgl_Freertos\Middlewares\LVGL\GUI\lvgl\src\extra\widgets\colorwheel\lv_colorwheel.c': object (.o) file not exist
'd:\develop\Demo\watch_lvgl and freertos_back\software\Watch_Lvgl_Freertos\Middlewares\LVGL\GUI\lvgl\src\extra\widgets\imgbtn\lv_imgbtn.c': object (.o) file not exist
'd:\develop\Demo\watch_lvgl and freertos_back\software\Watch_Lvgl_Freertos\Middlewares\LVGL\GUI\lvgl\src\extra\widgets\keyboard\lv_keyboard.c': object (.o) file not exist
'd:\develop\Demo\watch_lvgl and freertos_back\software\Watch_Lvgl_Freertos\Middlewares\LVGL\GUI\lvgl\src\extra\widgets\led\lv_led.c': object (.o) file not exist
'd:\develop\Demo\watch_lvgl and freertos_back\software\Watch_Lvgl_Freertos\Middlewares\LVGL\GUI\lvgl\src\extra\widgets\list\lv_list.c': object (.o) file not exist
'd:\develop\Demo\watch_lvgl and freertos_back\software\Watch_Lvgl_Freertos\Middlewares\LVGL\GUI\lvgl\src\extra\widgets\menu\lv_menu.c': object (.o) file not exist
'd:\develop\Demo\watch_lvgl and freertos_back\software\Watch_Lvgl_Freertos\Middlewares\LVGL\GUI\lvgl\src\extra\widgets\meter\lv_meter.c': object (.o) file not exist
'd:\develop\Demo\watch_lvgl and freertos_back\software\Watch_Lvgl_Freertos\Middlewares\LVGL\GUI\lvgl\src\extra\widgets\msgbox\lv_msgbox.c': object (.o) file not exist
'd:\develop\Demo\watch_lvgl and freertos_back\software\Watch_Lvgl_Freertos\Middlewares\LVGL\GUI\lvgl\src\extra\widgets\span\lv_span.c': object (.o) file not exist
'd:\develop\Demo\watch_lvgl and freertos_back\software\Watch_Lvgl_Freertos\Middlewares\LVGL\GUI\lvgl\src\extra\widgets\spinbox\lv_spinbox.c': object (.o) file not exist
'd:\develop\Demo\watch_lvgl and freertos_back\software\Watch_Lvgl_Freertos\Middlewares\LVGL\GUI\lvgl\src\extra\widgets\spinner\lv_spinner.c': object (.o) file not exist
'd:\develop\Demo\watch_lvgl and freertos_back\software\Watch_Lvgl_Freertos\Middlewares\LVGL\GUI\lvgl\src\extra\widgets\tabview\lv_tabview.c': object (.o) file not exist
'd:\develop\Demo\watch_lvgl and freertos_back\software\Watch_Lvgl_Freertos\Middlewares\LVGL\GUI\lvgl\src\extra\widgets\tileview\lv_tileview.c': object (.o) file not exist
'd:\develop\Demo\watch_lvgl and freertos_back\software\Watch_Lvgl_Freertos\Middlewares\LVGL\GUI\lvgl\src\extra\widgets\win\lv_win.c': object (.o) file not exist
'd:\develop\Demo\watch_lvgl and freertos_back\software\Watch_Lvgl_Freertos\Middlewares\LVGL\GUI\lvgl\src\font\lv_font.c': object (.o) file not exist
'd:\develop\Demo\watch_lvgl and freertos_back\software\Watch_Lvgl_Freertos\Middlewares\LVGL\GUI\lvgl\src\font\lv_font_dejavu_16_persian_hebrew.c': object (.o) file not exist
'd:\develop\Demo\watch_lvgl and freertos_back\software\Watch_Lvgl_Freertos\Middlewares\LVGL\GUI\lvgl\src\font\lv_font_fmt_txt.c': object (.o) file not exist
'd:\develop\Demo\watch_lvgl and freertos_back\software\Watch_Lvgl_Freertos\Middlewares\LVGL\GUI\lvgl\src\font\lv_font_loader.c': object (.o) file not exist
'd:\develop\Demo\watch_lvgl and freertos_back\software\Watch_Lvgl_Freertos\Middlewares\LVGL\GUI\lvgl\src\font\lv_font_montserrat_10.c': object (.o) file not exist
'd:\develop\Demo\watch_lvgl and freertos_back\software\Watch_Lvgl_Freertos\Middlewares\LVGL\GUI\lvgl\src\font\lv_font_montserrat_12.c': object (.o) file not exist
'd:\develop\Demo\watch_lvgl and freertos_back\software\Watch_Lvgl_Freertos\Middlewares\LVGL\GUI\lvgl\src\font\lv_font_montserrat_12_subpx.c': object (.o) file not exist
'd:\develop\Demo\watch_lvgl and freertos_back\software\Watch_Lvgl_Freertos\Middlewares\LVGL\GUI\lvgl\src\font\lv_font_montserrat_14.c': object (.o) file not exist
'd:\develop\Demo\watch_lvgl and freertos_back\software\Watch_Lvgl_Freertos\Middlewares\LVGL\GUI\lvgl\src\font\lv_font_montserrat_16.c': object (.o) file not exist
'd:\develop\Demo\watch_lvgl and freertos_back\software\Watch_Lvgl_Freertos\Middlewares\LVGL\GUI\lvgl\src\font\lv_font_montserrat_18.c': object (.o) file not exist
'd:\develop\Demo\watch_lvgl and freertos_back\software\Watch_Lvgl_Freertos\Middlewares\LVGL\GUI\lvgl\src\font\lv_font_montserrat_20.c': object (.o) file not exist
'd:\develop\Demo\watch_lvgl and freertos_back\software\Watch_Lvgl_Freertos\Middlewares\LVGL\GUI\lvgl\src\font\lv_font_montserrat_22.c': object (.o) file not exist
'd:\develop\Demo\watch_lvgl and freertos_back\software\Watch_Lvgl_Freertos\Middlewares\LVGL\GUI\lvgl\src\font\lv_font_montserrat_24.c': object (.o) file not exist
'd:\develop\Demo\watch_lvgl and freertos_back\software\Watch_Lvgl_Freertos\Middlewares\LVGL\GUI\lvgl\src\font\lv_font_montserrat_26.c': object (.o) file not exist
'd:\develop\Demo\watch_lvgl and freertos_back\software\Watch_Lvgl_Freertos\Middlewares\LVGL\GUI\lvgl\src\font\lv_font_montserrat_28.c': object (.o) file not exist
'd:\develop\Demo\watch_lvgl and freertos_back\software\Watch_Lvgl_Freertos\Middlewares\LVGL\GUI\lvgl\src\font\lv_font_montserrat_28_compressed.c': object (.o) file not exist
'd:\develop\Demo\watch_lvgl and freertos_back\software\Watch_Lvgl_Freertos\Middlewares\LVGL\GUI\lvgl\src\font\lv_font_montserrat_30.c': object (.o) file not exist
'd:\develop\Demo\watch_lvgl and freertos_back\software\Watch_Lvgl_Freertos\Middlewares\LVGL\GUI\lvgl\src\font\lv_font_montserrat_32.c': object (.o) file not exist
'd:\develop\Demo\watch_lvgl and freertos_back\software\Watch_Lvgl_Freertos\Middlewares\LVGL\GUI\lvgl\src\font\lv_font_montserrat_34.c': object (.o) file not exist
'd:\develop\Demo\watch_lvgl and freertos_back\software\Watch_Lvgl_Freertos\Middlewares\LVGL\GUI\lvgl\src\font\lv_font_montserrat_36.c': object (.o) file not exist
'd:\develop\Demo\watch_lvgl and freertos_back\software\Watch_Lvgl_Freertos\Middlewares\LVGL\GUI\lvgl\src\font\lv_font_montserrat_38.c': object (.o) file not exist
'd:\develop\Demo\watch_lvgl and freertos_back\software\Watch_Lvgl_Freertos\Middlewares\LVGL\GUI\lvgl\src\font\lv_font_montserrat_40.c': object (.o) file not exist
'd:\develop\Demo\watch_lvgl and freertos_back\software\Watch_Lvgl_Freertos\Middlewares\LVGL\GUI\lvgl\src\font\lv_font_montserrat_42.c': object (.o) file not exist
'd:\develop\Demo\watch_lvgl and freertos_back\software\Watch_Lvgl_Freertos\Middlewares\LVGL\GUI\lvgl\src\font\lv_font_montserrat_44.c': object (.o) file not exist
'd:\develop\Demo\watch_lvgl and freertos_back\software\Watch_Lvgl_Freertos\Middlewares\LVGL\GUI\lvgl\src\font\lv_font_montserrat_46.c': object (.o) file not exist
'd:\develop\Demo\watch_lvgl and freertos_back\software\Watch_Lvgl_Freertos\Middlewares\LVGL\GUI\lvgl\src\font\lv_font_montserrat_48.c': object (.o) file not exist
'd:\develop\Demo\watch_lvgl and freertos_back\software\Watch_Lvgl_Freertos\Middlewares\LVGL\GUI\lvgl\src\font\lv_font_montserrat_8.c': object (.o) file not exist
'd:\develop\Demo\watch_lvgl and freertos_back\software\Watch_Lvgl_Freertos\Middlewares\LVGL\GUI\lvgl\src\font\lv_font_simsun_16_cjk.c': object (.o) file not exist
'd:\develop\Demo\watch_lvgl and freertos_back\software\Watch_Lvgl_Freertos\Middlewares\LVGL\GUI\lvgl\src\font\lv_font_unscii_16.c': object (.o) file not exist
'd:\develop\Demo\watch_lvgl and freertos_back\software\Watch_Lvgl_Freertos\Middlewares\LVGL\GUI\lvgl\src\font\lv_font_unscii_8.c': object (.o) file not exist
'd:\develop\Demo\watch_lvgl and freertos_back\software\Watch_Lvgl_Freertos\Middlewares\LVGL\GUI\lvgl\src\hal\lv_hal_disp.c': object (.o) file not exist
'd:\develop\Demo\watch_lvgl and freertos_back\software\Watch_Lvgl_Freertos\Middlewares\LVGL\GUI\lvgl\src\hal\lv_hal_indev.c': object (.o) file not exist
'd:\develop\Demo\watch_lvgl and freertos_back\software\Watch_Lvgl_Freertos\Middlewares\LVGL\GUI\lvgl\src\hal\lv_hal_tick.c': object (.o) file not exist
'd:\develop\Demo\watch_lvgl and freertos_back\software\Watch_Lvgl_Freertos\Middlewares\LVGL\GUI\lvgl\src\misc\lv_anim.c': object (.o) file not exist
'd:\develop\Demo\watch_lvgl and freertos_back\software\Watch_Lvgl_Freertos\Middlewares\LVGL\GUI\lvgl\src\misc\lv_anim_timeline.c': object (.o) file not exist
'd:\develop\Demo\watch_lvgl and freertos_back\software\Watch_Lvgl_Freertos\Middlewares\LVGL\GUI\lvgl\src\misc\lv_area.c': object (.o) file not exist
'd:\develop\Demo\watch_lvgl and freertos_back\software\Watch_Lvgl_Freertos\Middlewares\LVGL\GUI\lvgl\src\misc\lv_async.c': object (.o) file not exist
'd:\develop\Demo\watch_lvgl and freertos_back\software\Watch_Lvgl_Freertos\Middlewares\LVGL\GUI\lvgl\src\misc\lv_bidi.c': object (.o) file not exist
'd:\develop\Demo\watch_lvgl and freertos_back\software\Watch_Lvgl_Freertos\Middlewares\LVGL\GUI\lvgl\src\misc\lv_color.c': object (.o) file not exist
'd:\develop\Demo\watch_lvgl and freertos_back\software\Watch_Lvgl_Freertos\Middlewares\LVGL\GUI\lvgl\src\misc\lv_fs.c': object (.o) file not exist
'd:\develop\Demo\watch_lvgl and freertos_back\software\Watch_Lvgl_Freertos\Middlewares\LVGL\GUI\lvgl\src\misc\lv_gc.c': object (.o) file not exist
'd:\develop\Demo\watch_lvgl and freertos_back\software\Watch_Lvgl_Freertos\Middlewares\LVGL\GUI\lvgl\src\misc\lv_ll.c': object (.o) file not exist
'd:\develop\Demo\watch_lvgl and freertos_back\software\Watch_Lvgl_Freertos\Middlewares\LVGL\GUI\lvgl\src\misc\lv_log.c': object (.o) file not exist
'd:\develop\Demo\watch_lvgl and freertos_back\software\Watch_Lvgl_Freertos\Middlewares\LVGL\GUI\lvgl\src\misc\lv_lru.c': object (.o) file not exist
'd:\develop\Demo\watch_lvgl and freertos_back\software\Watch_Lvgl_Freertos\Middlewares\LVGL\GUI\lvgl\src\misc\lv_math.c': object (.o) file not exist
'd:\develop\Demo\watch_lvgl and freertos_back\software\Watch_Lvgl_Freertos\Middlewares\LVGL\GUI\lvgl\src\misc\lv_mem.c': object (.o) file not exist
'd:\develop\Demo\watch_lvgl and freertos_back\software\Watch_Lvgl_Freertos\Middlewares\LVGL\GUI\lvgl\src\misc\lv_printf.c': object (.o) file not exist
'd:\develop\Demo\watch_lvgl and freertos_back\software\Watch_Lvgl_Freertos\Middlewares\LVGL\GUI\lvgl\src\misc\lv_style.c': object (.o) file not exist
'd:\develop\Demo\watch_lvgl and freertos_back\software\Watch_Lvgl_Freertos\Middlewares\LVGL\GUI\lvgl\src\misc\lv_style_gen.c': object (.o) file not exist
'd:\develop\Demo\watch_lvgl and freertos_back\software\Watch_Lvgl_Freertos\Middlewares\LVGL\GUI\lvgl\src\misc\lv_templ.c': object (.o) file not exist
'd:\develop\Demo\watch_lvgl and freertos_back\software\Watch_Lvgl_Freertos\Middlewares\LVGL\GUI\lvgl\src\misc\lv_timer.c': object (.o) file not exist
'd:\develop\Demo\watch_lvgl and freertos_back\software\Watch_Lvgl_Freertos\Middlewares\LVGL\GUI\lvgl\src\misc\lv_tlsf.c': object (.o) file not exist
'd:\develop\Demo\watch_lvgl and freertos_back\software\Watch_Lvgl_Freertos\Middlewares\LVGL\GUI\lvgl\src\misc\lv_txt.c': object (.o) file not exist
'd:\develop\Demo\watch_lvgl and freertos_back\software\Watch_Lvgl_Freertos\Middlewares\LVGL\GUI\lvgl\src\misc\lv_txt_ap.c': object (.o) file not exist
'd:\develop\Demo\watch_lvgl and freertos_back\software\Watch_Lvgl_Freertos\Middlewares\LVGL\GUI\lvgl\src\misc\lv_utils.c': object (.o) file not exist
'd:\develop\Demo\watch_lvgl and freertos_back\software\Watch_Lvgl_Freertos\Middlewares\LVGL\GUI\lvgl\src\widgets\lv_arc.c': object (.o) file not exist
'd:\develop\Demo\watch_lvgl and freertos_back\software\Watch_Lvgl_Freertos\Middlewares\LVGL\GUI\lvgl\src\widgets\lv_bar.c': object (.o) file not exist
'd:\develop\Demo\watch_lvgl and freertos_back\software\Watch_Lvgl_Freertos\Middlewares\LVGL\GUI\lvgl\src\widgets\lv_btn.c': object (.o) file not exist
'd:\develop\Demo\watch_lvgl and freertos_back\software\Watch_Lvgl_Freertos\Middlewares\LVGL\GUI\lvgl\src\widgets\lv_btnmatrix.c': object (.o) file not exist
'd:\develop\Demo\watch_lvgl and freertos_back\software\Watch_Lvgl_Freertos\Middlewares\LVGL\GUI\lvgl\src\widgets\lv_canvas.c': object (.o) file not exist
'd:\develop\Demo\watch_lvgl and freertos_back\software\Watch_Lvgl_Freertos\Middlewares\LVGL\GUI\lvgl\src\widgets\lv_checkbox.c': object (.o) file not exist
'd:\develop\Demo\watch_lvgl and freertos_back\software\Watch_Lvgl_Freertos\Middlewares\LVGL\GUI\lvgl\src\widgets\lv_dropdown.c': object (.o) file not exist
'd:\develop\Demo\watch_lvgl and freertos_back\software\Watch_Lvgl_Freertos\Middlewares\LVGL\GUI\lvgl\src\widgets\lv_img.c': object (.o) file not exist
'd:\develop\Demo\watch_lvgl and freertos_back\software\Watch_Lvgl_Freertos\Middlewares\LVGL\GUI\lvgl\src\widgets\lv_label.c': object (.o) file not exist
'd:\develop\Demo\watch_lvgl and freertos_back\software\Watch_Lvgl_Freertos\Middlewares\LVGL\GUI\lvgl\src\widgets\lv_line.c': object (.o) file not exist
'd:\develop\Demo\watch_lvgl and freertos_back\software\Watch_Lvgl_Freertos\Middlewares\LVGL\GUI\lvgl\src\widgets\lv_objx_templ.c': object (.o) file not exist
'd:\develop\Demo\watch_lvgl and freertos_back\software\Watch_Lvgl_Freertos\Middlewares\LVGL\GUI\lvgl\src\widgets\lv_roller.c': object (.o) file not exist
'd:\develop\Demo\watch_lvgl and freertos_back\software\Watch_Lvgl_Freertos\Middlewares\LVGL\GUI\lvgl\src\widgets\lv_slider.c': object (.o) file not exist
'd:\develop\Demo\watch_lvgl and freertos_back\software\Watch_Lvgl_Freertos\Middlewares\LVGL\GUI\lvgl\src\widgets\lv_switch.c': object (.o) file not exist
'd:\develop\Demo\watch_lvgl and freertos_back\software\Watch_Lvgl_Freertos\Middlewares\LVGL\GUI\lvgl\src\widgets\lv_table.c': object (.o) file not exist
'd:\develop\Demo\watch_lvgl and freertos_back\software\Watch_Lvgl_Freertos\Middlewares\LVGL\GUI\lvgl\src\widgets\lv_textarea.c': object (.o) file not exist
'd:\develop\Demo\watch_lvgl and freertos_back\software\Watch_Lvgl_Freertos\Middlewares\LVGL\GUI\porting\lv_port_disp.c': object (.o) file not exist
'd:\develop\Demo\watch_lvgl and freertos_back\software\Watch_Lvgl_Freertos\Middlewares\LVGL\GUI\porting\lv_port_indev.c': object (.o) file not exist
'd:\develop\Demo\watch_lvgl and freertos_back\software\Watch_Lvgl_Freertos\Middlewares\Third_Party\FreeRTOS\Source\CMSIS_RTOS_V2\cmsis_os2.c': object (.o) file not exist
'd:\develop\Demo\watch_lvgl and freertos_back\software\Watch_Lvgl_Freertos\Middlewares\Third_Party\FreeRTOS\Source\croutine.c': object (.o) file not exist
'd:\develop\Demo\watch_lvgl and freertos_back\software\Watch_Lvgl_Freertos\Middlewares\Third_Party\FreeRTOS\Source\event_groups.c': object (.o) file not exist
'd:\develop\Demo\watch_lvgl and freertos_back\software\Watch_Lvgl_Freertos\Middlewares\Third_Party\FreeRTOS\Source\list.c': object (.o) file not exist
'd:\develop\Demo\watch_lvgl and freertos_back\software\Watch_Lvgl_Freertos\Middlewares\Third_Party\FreeRTOS\Source\portable\MemMang\heap_4.c': object (.o) file not exist
'd:\develop\Demo\watch_lvgl and freertos_back\software\Watch_Lvgl_Freertos\Middlewares\Third_Party\FreeRTOS\Source\portable\RVDS\ARM_CM4F\port.c': object (.o) file not exist
'd:\develop\Demo\watch_lvgl and freertos_back\software\Watch_Lvgl_Freertos\Middlewares\Third_Party\FreeRTOS\Source\queue.c': object (.o) file not exist
'd:\develop\Demo\watch_lvgl and freertos_back\software\Watch_Lvgl_Freertos\Middlewares\Third_Party\FreeRTOS\Source\stream_buffer.c': object (.o) file not exist
'd:\develop\Demo\watch_lvgl and freertos_back\software\Watch_Lvgl_Freertos\Middlewares\Third_Party\FreeRTOS\Source\tasks.c': object (.o) file not exist
'd:\develop\Demo\watch_lvgl and freertos_back\software\Watch_Lvgl_Freertos\Middlewares\Third_Party\FreeRTOS\Source\timers.c': object (.o) file not exist
'd:\develop\Demo\watch_lvgl and freertos_back\software\Watch_Lvgl_Freertos\SYSTEM\delay.c': object (.o) file not exist
'd:\develop\Demo\watch_lvgl and freertos_back\software\Watch_Lvgl_Freertos\Test\Src\HardwareTest.c': object (.o) file not exist
'd:\develop\Demo\watch_lvgl and freertos_back\software\Watch_Lvgl_Freertos\Test\Src\serial.c': object (.o) file not exist
'd:\develop\Demo\watch_lvgl and freertos_back\software\Watch_Lvgl_Freertos\Test\Src\test_one.c': object (.o) file not exist
'd:\develop\Demo\watch_lvgl and freertos_back\software\Watch_Lvgl_Freertos\User\Func\Src\FuncHWDataManage.c': object (.o) file not exist
'd:\develop\Demo\watch_lvgl and freertos_back\software\Watch_Lvgl_Freertos\User\Func\Src\FuncUiPageManage.c': object (.o) file not exist
'd:\develop\Demo\watch_lvgl and freertos_back\software\Watch_Lvgl_Freertos\User\GUI\Font\ui_font_Cuyuan18.c': object (.o) file not exist
'd:\develop\Demo\watch_lvgl and freertos_back\software\Watch_Lvgl_Freertos\User\GUI\Font\ui_font_Cuyuan20.c': object (.o) file not exist
'd:\develop\Demo\watch_lvgl and freertos_back\software\Watch_Lvgl_Freertos\User\GUI\Font\ui_font_Cuyuan24.c': object (.o) file not exist
'd:\develop\Demo\watch_lvgl and freertos_back\software\Watch_Lvgl_Freertos\User\GUI\Font\ui_font_Cuyuan30.c': object (.o) file not exist
'd:\develop\Demo\watch_lvgl and freertos_back\software\Watch_Lvgl_Freertos\User\GUI\Font\ui_font_Cuyuan38.c': object (.o) file not exist
'd:\develop\Demo\watch_lvgl and freertos_back\software\Watch_Lvgl_Freertos\User\GUI\Font\ui_font_Cuyuan48.c': object (.o) file not exist
'd:\develop\Demo\watch_lvgl and freertos_back\software\Watch_Lvgl_Freertos\User\GUI\Font\ui_font_Cuyuan80.c': object (.o) file not exist
'd:\develop\Demo\watch_lvgl and freertos_back\software\Watch_Lvgl_Freertos\User\GUI\Font\ui_icon_Celsius24.c': object (.o) file not exist
'd:\develop\Demo\watch_lvgl and freertos_back\software\Watch_Lvgl_Freertos\User\GUI\Font\ui_icon_CompassEnv_Page28.c': object (.o) file not exist
'd:\develop\Demo\watch_lvgl and freertos_back\software\Watch_Lvgl_Freertos\User\GUI\Font\ui_icon_Date30.c': object (.o) file not exist
'd:\develop\Demo\watch_lvgl and freertos_back\software\Watch_Lvgl_Freertos\User\GUI\Font\ui_icon_GamePage30.c': object (.o) file not exist
'd:\develop\Demo\watch_lvgl and freertos_back\software\Watch_Lvgl_Freertos\User\GUI\Font\ui_icon_HomePage32.c': object (.o) file not exist
'd:\develop\Demo\watch_lvgl and freertos_back\software\Watch_Lvgl_Freertos\User\GUI\Font\ui_icon_MenuAI30.c': object (.o) file not exist
'd:\develop\Demo\watch_lvgl and freertos_back\software\Watch_Lvgl_Freertos\User\GUI\Font\ui_icon_MenuBloodOxygen80.c': object (.o) file not exist
'd:\develop\Demo\watch_lvgl and freertos_back\software\Watch_Lvgl_Freertos\User\GUI\Font\ui_icon_MenuOderPage34.c': object (.o) file not exist
'd:\develop\Demo\watch_lvgl and freertos_back\software\Watch_Lvgl_Freertos\User\GUI\Font\ui_icon_MenuPageHost30.c': object (.o) file not exist
'd:\develop\Demo\watch_lvgl and freertos_back\software\Watch_Lvgl_Freertos\User\GUI\Font\ui_icon_NFCButton34.c': object (.o) file not exist
'd:\develop\Demo\watch_lvgl and freertos_back\software\Watch_Lvgl_Freertos\User\GUI\Font\ui_icon_SettingPage30.c': object (.o) file not exist
'd:\develop\Demo\watch_lvgl and freertos_back\software\Watch_Lvgl_Freertos\User\GUI\Font\ui_icon_TimerPage24.c': object (.o) file not exist
'd:\develop\Demo\watch_lvgl and freertos_back\software\Watch_Lvgl_Freertos\User\GUI\Imgs\ui_img_HeartRate.c': object (.o) file not exist
'd:\develop\Demo\watch_lvgl and freertos_back\software\Watch_Lvgl_Freertos\User\GUI\Imgs\ui_img_MenuAI.c': object (.o) file not exist
'd:\develop\Demo\watch_lvgl and freertos_back\software\Watch_Lvgl_Freertos\User\GUI\Imgs\ui_img_compass_needle_png.c': object (.o) file not exist
'd:\develop\Demo\watch_lvgl and freertos_back\software\Watch_Lvgl_Freertos\User\GUI\Imgs\ui_img_home_page.c': object (.o) file not exist
'd:\develop\Demo\watch_lvgl and freertos_back\software\Watch_Lvgl_Freertos\User\GUI\Screens\Src\UI_A_HomePage.c': object (.o) file not exist
'd:\develop\Demo\watch_lvgl and freertos_back\software\Watch_Lvgl_Freertos\User\GUI\Screens\Src\UI_B_MenuPage.c': object (.o) file not exist
'd:\develop\Demo\watch_lvgl and freertos_back\software\Watch_Lvgl_Freertos\User\GUI\Screens\Src\UI_C_Calender.c': object (.o) file not exist
'd:\develop\Demo\watch_lvgl and freertos_back\software\Watch_Lvgl_Freertos\User\GUI\Screens\Src\UI_D_HearRatePage.c': object (.o) file not exist
'd:\develop\Demo\watch_lvgl and freertos_back\software\Watch_Lvgl_Freertos\User\GUI\Screens\Src\UI_E_SPO2Page.c': object (.o) file not exist
'd:\develop\Demo\watch_lvgl and freertos_back\software\Watch_Lvgl_Freertos\User\GUI\Screens\Src\UI_F_CalculatorPage.c': object (.o) file not exist
'd:\develop\Demo\watch_lvgl and freertos_back\software\Watch_Lvgl_Freertos\User\GUI\Screens\Src\UI_H_CompassPage.c': object (.o) file not exist
'd:\develop\Demo\watch_lvgl and freertos_back\software\Watch_Lvgl_Freertos\User\GUI\Screens\Src\UI_I_nfcPage.c': object (.o) file not exist
'd:\develop\Demo\watch_lvgl and freertos_back\software\Watch_Lvgl_Freertos\User\GUI\Screens\Src\UI_J_EnvPage.c': object (.o) file not exist
'd:\develop\Demo\watch_lvgl and freertos_back\software\Watch_Lvgl_Freertos\User\GUI\Screens\Src\UI_K_GamePage.c': object (.o) file not exist
'd:\develop\Demo\watch_lvgl and freertos_back\software\Watch_Lvgl_Freertos\User\GUI\Screens\Src\UI_L_2048Page.c': object (.o) file not exist
'd:\develop\Demo\watch_lvgl and freertos_back\software\Watch_Lvgl_Freertos\User\GUI\Screens\Src\UI_M_MottionPage.c': object (.o) file not exist
'd:\develop\Demo\watch_lvgl and freertos_back\software\Watch_Lvgl_Freertos\User\GUI\Screens\Src\UI_N_SettingPage.c': object (.o) file not exist
'd:\develop\Demo\watch_lvgl and freertos_back\software\Watch_Lvgl_Freertos\User\GUI\Screens\Src\UI_O_SetFunAchPage.c': object (.o) file not exist
'd:\develop\Demo\watch_lvgl and freertos_back\software\Watch_Lvgl_Freertos\User\GUI\Screens\Src\UI_P_SetDatePage.c': object (.o) file not exist
'd:\develop\Demo\watch_lvgl and freertos_back\software\Watch_Lvgl_Freertos\User\GUI\Screens\Src\UI_Q_AiPage.c': object (.o) file not exist
'd:\develop\Demo\watch_lvgl and freertos_back\software\Watch_Lvgl_Freertos\User\GUI\Screens\Src\ui_G_TimerPage.c': object (.o) file not exist
'd:\develop\Demo\watch_lvgl and freertos_back\software\Watch_Lvgl_Freertos\User\GUI\ui.c': object (.o) file not exist
'd:\develop\Demo\watch_lvgl and freertos_back\software\Watch_Lvgl_Freertos\User\GUI\ui_helpers.c': object (.o) file not exist
'd:\develop\Demo\watch_lvgl and freertos_back\software\Watch_Lvgl_Freertos\User\Task\src\TaskInit.c': object (.o) file not exist
'd:\develop\Demo\watch_lvgl and freertos_back\software\Watch_Lvgl_Freertos\User\Task\src\Task_Contorl.c': object (.o) file not exist
'd:\develop\Demo\watch_lvgl and freertos_back\software\Watch_Lvgl_Freertos\User\Task\src\Task_HardwareInit.c': object (.o) file not exist
'd:\develop\Demo\watch_lvgl and freertos_back\software\Watch_Lvgl_Freertos\User\Task\src\Task_Key.c': object (.o) file not exist
'd:\develop\Demo\watch_lvgl and freertos_back\software\Watch_Lvgl_Freertos\User\Task\src\Task_PageLoad.c': object (.o) file not exist
'd:\develop\Demo\watch_lvgl and freertos_back\software\Watch_Lvgl_Freertos\User\Task\src\Task_SensorUpdate.c': object (.o) file not exist
'd:\develop\Demo\watch_lvgl and freertos_back\software\Watch_Lvgl_Freertos\User\Task\src\Task_Status.c': object (.o) file not exist
'd:\develop\Demo\watch_lvgl and freertos_back\software\Watch_Lvgl_Freertos\MDK-ARM\startup_stm32f411xe.s': object (.o) file not exist

[2025-12-29 22:24:28]	[done]
	build successfully !

