C51 COMPILER V9.00   CHENGXU                                                               06/09/2015 13:47:47 PAGE 1   


C51 COMPILER V9.00, COMPILATION OF MODULE CHENGXU
OBJECT MODULE PLACED IN chengxu.OBJ
COMPILER INVOKED BY: C:\Keil\C51\BIN\C51.EXE chengxu.c BROWSE DEBUG OBJECTEXTEND

line level    source

   1          /********************************************************************
   2                                      汇诚科技
   3          网址：http://www.ourhc.cn
   4          产品有售淘宝店：http://shop36330473.taobao.com   
   5          *********************************************************************/
   6          #include<reg52.h>              //库文件
   7          #define uchar unsigned char//宏定义无符号字符型
   8          #define uint unsigned int  //宏定义无符号整型
   9          /********************************************************************
  10                                      I/O定义
  11          *********************************************************************/
  12          sbit LED=P1^0;   //定义单片机P1口的第0位 （即P1.0）
  13          sbit P20=P2^0;
  14          sbit P21=P2^1;
  15          sbit P22=P2^2;
  16          sbit P23=P2^3;
  17          sbit P24=P2^4;
  18          /********************************************************************
  19                                      延时函数
  20          *********************************************************************/
  21          void delay()//延时程序
  22          {
  23   1      uchar m,n,s;
  24   1      for(m=2;m>0;m--)
  25   1      for(n=20;n>0;n--)
  26   1      for(s=248;s>0;s--);
  27   1      }
  28          /********************************************************************
  29                                      主函数
  30          *********************************************************************/
  31          void main()
  32          {
  33   1              while(1)   //无限循环
  34   1              {
  35   2              P0=0X00;           //点亮P1.0口灯
  36   2               delay();  //延时
  37   2              P0=0XFF;           //熄灭P1.0口灯
  38   2               delay();  //延时
  39   2         if(P20==0){delay();while(!P20);}
  40   2            if(P21==0){delay();while(!P21);}
  41   2                   if(P22==0){delay();while(!P22);}
  42   2                          if(P23==0){delay();while(!P23);}
  43   2                                 if(P24==0){delay();while(!P24);}
  44   2              }
  45   1      }       
  46          /********************************************************************
  47                                        结束
  48          *********************************************************************/


MODULE INFORMATION:   STATIC OVERLAYABLE
   CODE SIZE        =     72    ----
   CONSTANT SIZE    =   ----    ----
   XDATA SIZE       =   ----    ----
   PDATA SIZE       =   ----    ----
C51 COMPILER V9.00   CHENGXU                                                               06/09/2015 13:47:47 PAGE 2   

   DATA SIZE        =   ----    ----
   IDATA SIZE       =   ----    ----
   BIT SIZE         =   ----    ----
END OF MODULE INFORMATION.


C51 COMPILATION COMPLETE.  0 WARNING(S),  0 ERROR(S)
